<?xml version="1.0" encoding="UTF-8"?>
<!-- Generated by org.testng.reporters.JUnitReportReporter -->
<testsuite hostname="DESKTOP-O55CN0U" failures="0" tests="1" name="Data_Provider_Demo" time="0.000" errors="0" timestamp="04 Dec 2018 14:08:55 GMT" skipped="1">
  <testcase classname="Data_Provider_Demo" name="Registration_data" time="0.000">
    <skipped/>
  </testcase> <!-- Registration_data -->
</testsuite> <!-- Data_Provider_Demo -->
